{"/Users/zhulingxiao/code/vine-design/src/components/carousel/dots.jsx": {"path":"/Users/zhulingxiao/code/vine-design/src/components/carousel/dots.jsx","statementMap":{"0":{"start":{"line":8,"column":13},"end":{"line":47,"column":1}},"1":{"start":{"line":15,"column":15},"end":{"line":34,"column":4}},"2":{"start":{"line":17,"column":28},"end":{"line":23,"column":36}},"3":{"start":{"line":25,"column":4},"end":{"line":33,"column":6}},"4":{"start":{"line":36,"column":2},"end":{"line":46,"column":4}},"5":{"start":{"line":49,"column":0},"end":{"line":54,"column":2}}},"fnMap":{"0":{"name":"(anonymous_0)","decl":{"start":{"line":8,"column":13},"end":{"line":8,"column":14}},"loc":{"start":{"line":14,"column":6},"end":{"line":47,"column":1}},"line":14},"1":{"name":"(anonymous_1)","decl":{"start":{"line":15,"column":24},"end":{"line":15,"column":25}},"loc":{"start":{"line":15,"column":37},"end":{"line":34,"column":3}},"line":15}},"branchMap":{"0":{"loc":{"start":{"line":17,"column":28},"end":{"line":23,"column":36}},"type":"cond-expr","locations":[{"start":{"line":18,"column":8},"end":{"line":20,"column":36}},{"start":{"line":21,"column":8},"end":{"line":23,"column":36}}],"line":17},"1":{"loc":{"start":{"line":18,"column":8},"end":{"line":20,"column":36}},"type":"cond-expr","locations":[{"start":{"line":19,"column":10},"end":{"line":19,"column":34}},{"start":{"line":20,"column":10},"end":{"line":20,"column":36}}],"line":18},"2":{"loc":{"start":{"line":21,"column":8},"end":{"line":23,"column":36}},"type":"cond-expr","locations":[{"start":{"line":22,"column":10},"end":{"line":22,"column":34}},{"start":{"line":23,"column":10},"end":{"line":23,"column":36}}],"line":21},"3":{"loc":{"start":{"line":41,"column":22},"end":{"line":41,"column":54}},"type":"cond-expr","locations":[{"start":{"line":41,"column":49},"end":{"line":41,"column":50}},{"start":{"line":41,"column":53},"end":{"line":41,"column":54}}],"line":41}},"s":{"0":1,"1":5,"2":15,"3":15,"4":5,"5":1},"f":{"0":5,"1":15},"b":{"0":[12,3],"1":[4,8],"2":[1,2],"3":[0,5]},"_coverageSchema":"332fd63041d2c1bcb487cc26dd0d5f7d97098a6c","hash":"978882c134a31e19dd273cbf69e527bfbfefb8cb"}
,"/Users/zhulingxiao/code/vine-design/src/components/carousel/index.jsx": {"path":"/Users/zhulingxiao/code/vine-design/src/components/carousel/index.jsx","statementMap":{"0":{"start":{"line":12,"column":22},"end":{"line":12,"column":25}},"1":{"start":{"line":14,"column":20},"end":{"line":14,"column":56}},"2":{"start":{"line":16,"column":15},"end":{"line":16,"column":17}},"3":{"start":{"line":29,"column":4},"end":{"line":29,"column":17}},"4":{"start":{"line":30,"column":4},"end":{"line":37,"column":6}},"5":{"start":{"line":41,"column":33},"end":{"line":41,"column":43}},"6":{"start":{"line":42,"column":4},"end":{"line":53,"column":5}},"7":{"start":{"line":43,"column":27},"end":{"line":43,"column":37}},"8":{"start":{"line":44,"column":6},"end":{"line":47,"column":7}},"9":{"start":{"line":45,"column":8},"end":{"line":45,"column":48}},"10":{"start":{"line":46,"column":8},"end":{"line":46,"column":31}},"11":{"start":{"line":48,"column":6},"end":{"line":52,"column":9}},"12":{"start":{"line":57,"column":4},"end":{"line":57,"column":24}},"13":{"start":{"line":61,"column":4},"end":{"line":61,"column":24}},"14":{"start":{"line":65,"column":4},"end":{"line":68,"column":7}},"15":{"start":{"line":73,"column":4},"end":{"line":73,"column":23}},"16":{"start":{"line":76,"column":4},"end":{"line":76,"column":24}},"17":{"start":{"line":78,"column":30},"end":{"line":78,"column":40}},"18":{"start":{"line":80,"column":18},"end":{"line":80,"column":45}},"19":{"start":{"line":83,"column":21},"end":{"line":83,"column":51}},"20":{"start":{"line":85,"column":4},"end":{"line":88,"column":7}},"21":{"start":{"line":92,"column":4},"end":{"line":92,"column":24}},"22":{"start":{"line":94,"column":22},"end":{"line":94,"column":32}},"23":{"start":{"line":97,"column":4},"end":{"line":103,"column":5}},"24":{"start":{"line":98,"column":6},"end":{"line":98,"column":24}},"25":{"start":{"line":99,"column":11},"end":{"line":103,"column":5}},"26":{"start":{"line":100,"column":6},"end":{"line":100,"column":28}},"27":{"start":{"line":102,"column":6},"end":{"line":102,"column":28}},"28":{"start":{"line":111,"column":28},"end":{"line":111,"column":38}},"29":{"start":{"line":112,"column":25},"end":{"line":112,"column":35}},"30":{"start":{"line":113,"column":27},"end":{"line":113,"column":37}},"31":{"start":{"line":114,"column":23},"end":{"line":114,"column":31}},"32":{"start":{"line":117,"column":4},"end":{"line":123,"column":5}},"33":{"start":{"line":118,"column":6},"end":{"line":118,"column":18}},"34":{"start":{"line":119,"column":11},"end":{"line":123,"column":5}},"35":{"start":{"line":120,"column":6},"end":{"line":120,"column":18}},"36":{"start":{"line":121,"column":11},"end":{"line":123,"column":5}},"37":{"start":{"line":122,"column":6},"end":{"line":122,"column":18}},"38":{"start":{"line":126,"column":4},"end":{"line":166,"column":5}},"39":{"start":{"line":127,"column":6},"end":{"line":148,"column":8}},"40":{"start":{"line":134,"column":10},"end":{"line":146,"column":11}},"41":{"start":{"line":135,"column":29},"end":{"line":135,"column":58}},"42":{"start":{"line":137,"column":12},"end":{"line":139,"column":15}},"43":{"start":{"line":140,"column":12},"end":{"line":145,"column":20}},"44":{"start":{"line":141,"column":14},"end":{"line":144,"column":17}},"45":{"start":{"line":152,"column":6},"end":{"line":155,"column":7}},"46":{"start":{"line":153,"column":8},"end":{"line":153,"column":28}},"47":{"start":{"line":154,"column":8},"end":{"line":154,"column":28}},"48":{"start":{"line":157,"column":6},"end":{"line":159,"column":7}},"49":{"start":{"line":158,"column":8},"end":{"line":158,"column":19}},"50":{"start":{"line":161,"column":6},"end":{"line":165,"column":9}},"51":{"start":{"line":170,"column":38},"end":{"line":170,"column":48}},"52":{"start":{"line":172,"column":4},"end":{"line":178,"column":5}},"53":{"start":{"line":173,"column":6},"end":{"line":173,"column":26}},"54":{"start":{"line":175,"column":6},"end":{"line":177,"column":21}},"55":{"start":{"line":176,"column":8},"end":{"line":176,"column":45}},"56":{"start":{"line":182,"column":4},"end":{"line":182,"column":30}},"57":{"start":{"line":186,"column":46},"end":{"line":186,"column":56}},"58":{"start":{"line":190,"column":4},"end":{"line":190,"column":14}},"59":{"start":{"line":192,"column":27},"end":{"line":198,"column":5}},"60":{"start":{"line":200,"column":20},"end":{"line":207,"column":6}},"61":{"start":{"line":201,"column":6},"end":{"line":206,"column":8}},"62":{"start":{"line":209,"column":4},"end":{"line":228,"column":6}},"63":{"start":{"line":232,"column":0},"end":{"line":238,"column":2}}},"fnMap":{"0":{"name":"(anonymous_0)","decl":{"start":{"line":28,"column":2},"end":{"line":28,"column":3}},"loc":{"start":{"line":28,"column":21},"end":{"line":38,"column":3}},"line":28},"1":{"name":"(anonymous_1)","decl":{"start":{"line":40,"column":2},"end":{"line":40,"column":3}},"loc":{"start":{"line":40,"column":23},"end":{"line":54,"column":3}},"line":40},"2":{"name":"(anonymous_2)","decl":{"start":{"line":56,"column":2},"end":{"line":56,"column":3}},"loc":{"start":{"line":56,"column":22},"end":{"line":58,"column":3}},"line":56},"3":{"name":"(anonymous_3)","decl":{"start":{"line":60,"column":2},"end":{"line":60,"column":3}},"loc":{"start":{"line":60,"column":25},"end":{"line":62,"column":3}},"line":60},"4":{"name":"(anonymous_4)","decl":{"start":{"line":64,"column":15},"end":{"line":64,"column":16}},"loc":{"start":{"line":64,"column":22},"end":{"line":69,"column":3}},"line":64},"5":{"name":"(anonymous_5)","decl":{"start":{"line":71,"column":14},"end":{"line":71,"column":15}},"loc":{"start":{"line":71,"column":21},"end":{"line":89,"column":3}},"line":71},"6":{"name":"(anonymous_6)","decl":{"start":{"line":91,"column":13},"end":{"line":91,"column":14}},"loc":{"start":{"line":91,"column":19},"end":{"line":104,"column":3}},"line":91},"7":{"name":"(anonymous_7)","decl":{"start":{"line":110,"column":13},"end":{"line":110,"column":14}},"loc":{"start":{"line":110,"column":21},"end":{"line":167,"column":3}},"line":110},"8":{"name":"(anonymous_8)","decl":{"start":{"line":133,"column":8},"end":{"line":133,"column":9}},"loc":{"start":{"line":133,"column":14},"end":{"line":147,"column":9}},"line":133},"9":{"name":"(anonymous_9)","decl":{"start":{"line":140,"column":23},"end":{"line":140,"column":24}},"loc":{"start":{"line":140,"column":29},"end":{"line":145,"column":13}},"line":140},"10":{"name":"(anonymous_10)","decl":{"start":{"line":169,"column":17},"end":{"line":169,"column":18}},"loc":{"start":{"line":169,"column":23},"end":{"line":179,"column":3}},"line":169},"11":{"name":"(anonymous_11)","decl":{"start":{"line":175,"column":31},"end":{"line":175,"column":32}},"loc":{"start":{"line":175,"column":37},"end":{"line":177,"column":7}},"line":175},"12":{"name":"(anonymous_12)","decl":{"start":{"line":181,"column":17},"end":{"line":181,"column":18}},"loc":{"start":{"line":181,"column":23},"end":{"line":183,"column":3}},"line":181},"13":{"name":"(anonymous_13)","decl":{"start":{"line":185,"column":2},"end":{"line":185,"column":3}},"loc":{"start":{"line":185,"column":11},"end":{"line":229,"column":3}},"line":185},"14":{"name":"(anonymous_14)","decl":{"start":{"line":200,"column":33},"end":{"line":200,"column":34}},"loc":{"start":{"line":201,"column":6},"end":{"line":206,"column":8}},"line":201}},"branchMap":{"0":{"loc":{"start":{"line":42,"column":4},"end":{"line":53,"column":5}},"type":"if","locations":[{"start":{"line":42,"column":4},"end":{"line":53,"column":5}},{"start":{"line":42,"column":4},"end":{"line":53,"column":5}}],"line":42},"1":{"loc":{"start":{"line":44,"column":6},"end":{"line":47,"column":7}},"type":"if","locations":[{"start":{"line":44,"column":6},"end":{"line":47,"column":7}},{"start":{"line":44,"column":6},"end":{"line":47,"column":7}}],"line":44},"2":{"loc":{"start":{"line":97,"column":4},"end":{"line":103,"column":5}},"type":"if","locations":[{"start":{"line":97,"column":4},"end":{"line":103,"column":5}},{"start":{"line":97,"column":4},"end":{"line":103,"column":5}}],"line":97},"3":{"loc":{"start":{"line":99,"column":11},"end":{"line":103,"column":5}},"type":"if","locations":[{"start":{"line":99,"column":11},"end":{"line":103,"column":5}},{"start":{"line":99,"column":11},"end":{"line":103,"column":5}}],"line":99},"4":{"loc":{"start":{"line":117,"column":4},"end":{"line":123,"column":5}},"type":"if","locations":[{"start":{"line":117,"column":4},"end":{"line":123,"column":5}},{"start":{"line":117,"column":4},"end":{"line":123,"column":5}}],"line":117},"5":{"loc":{"start":{"line":119,"column":11},"end":{"line":123,"column":5}},"type":"if","locations":[{"start":{"line":119,"column":11},"end":{"line":123,"column":5}},{"start":{"line":119,"column":11},"end":{"line":123,"column":5}}],"line":119},"6":{"loc":{"start":{"line":121,"column":11},"end":{"line":123,"column":5}},"type":"if","locations":[{"start":{"line":121,"column":11},"end":{"line":123,"column":5}},{"start":{"line":121,"column":11},"end":{"line":123,"column":5}}],"line":121},"7":{"loc":{"start":{"line":126,"column":4},"end":{"line":166,"column":5}},"type":"if","locations":[{"start":{"line":126,"column":4},"end":{"line":166,"column":5}},{"start":{"line":126,"column":4},"end":{"line":166,"column":5}}],"line":126},"8":{"loc":{"start":{"line":134,"column":10},"end":{"line":146,"column":11}},"type":"if","locations":[{"start":{"line":134,"column":10},"end":{"line":146,"column":11}},{"start":{"line":134,"column":10},"end":{"line":146,"column":11}}],"line":134},"9":{"loc":{"start":{"line":134,"column":14},"end":{"line":134,"column":51}},"type":"binary-expr","locations":[{"start":{"line":134,"column":14},"end":{"line":134,"column":26}},{"start":{"line":134,"column":30},"end":{"line":134,"column":51}}],"line":134},"10":{"loc":{"start":{"line":135,"column":29},"end":{"line":135,"column":58}},"type":"cond-expr","locations":[{"start":{"line":135,"column":44},"end":{"line":135,"column":54}},{"start":{"line":135,"column":57},"end":{"line":135,"column":58}}],"line":135},"11":{"loc":{"start":{"line":152,"column":6},"end":{"line":155,"column":7}},"type":"if","locations":[{"start":{"line":152,"column":6},"end":{"line":155,"column":7}},{"start":{"line":152,"column":6},"end":{"line":155,"column":7}}],"line":152},"12":{"loc":{"start":{"line":157,"column":6},"end":{"line":159,"column":7}},"type":"if","locations":[{"start":{"line":157,"column":6},"end":{"line":159,"column":7}},{"start":{"line":157,"column":6},"end":{"line":159,"column":7}}],"line":157},"13":{"loc":{"start":{"line":172,"column":4},"end":{"line":178,"column":5}},"type":"if","locations":[{"start":{"line":172,"column":4},"end":{"line":178,"column":5}},{"start":{"line":172,"column":4},"end":{"line":178,"column":5}}],"line":172}},"s":{"0":1,"1":1,"2":1,"3":4,"4":4,"5":4,"6":4,"7":3,"8":3,"9":3,"10":3,"11":3,"12":4,"13":4,"14":0,"15":0,"16":0,"17":0,"18":0,"19":0,"20":0,"21":0,"22":0,"23":0,"24":0,"25":0,"26":0,"27":0,"28":1,"29":1,"30":1,"31":1,"32":1,"33":0,"34":1,"35":1,"36":0,"37":0,"38":1,"39":1,"40":1,"41":0,"42":0,"43":0,"44":0,"45":0,"46":0,"47":0,"48":0,"49":0,"50":0,"51":4,"52":4,"53":1,"54":1,"55":0,"56":5,"57":5,"58":5,"59":5,"60":5,"61":23,"62":5,"63":1},"f":{"0":4,"1":4,"2":4,"3":4,"4":0,"5":0,"6":0,"7":1,"8":1,"9":0,"10":4,"11":0,"12":5,"13":5,"14":23},"b":{"0":[3,1],"1":[3,0],"2":[0,0],"3":[0,0],"4":[0,1],"5":[1,0],"6":[0,0],"7":[1,0],"8":[0,1],"9":[1,1],"10":[0,0],"11":[0,0],"12":[0,0],"13":[1,3]},"_coverageSchema":"332fd63041d2c1bcb487cc26dd0d5f7d97098a6c","hash":"a7a2672f8d5aa64cf02685252108e045b1c362ab"}
,"/Users/zhulingxiao/code/vine-design/src/components/carousel/slider.jsx": {"path":"/Users/zhulingxiao/code/vine-design/src/components/carousel/slider.jsx","statementMap":{"0":{"start":{"line":4,"column":16},"end":{"line":8,"column":1}},"1":{"start":{"line":5,"column":2},"end":{"line":7,"column":6}},"2":{"start":{"line":10,"column":0},"end":{"line":14,"column":2}},"3":{"start":{"line":16,"column":0},"end":{"line":19,"column":2}}},"fnMap":{"0":{"name":"(anonymous_0)","decl":{"start":{"line":4,"column":16},"end":{"line":4,"column":17}},"loc":{"start":{"line":5,"column":2},"end":{"line":7,"column":6}},"line":5}},"branchMap":{"0":{"loc":{"start":{"line":6,"column":5},"end":{"line":6,"column":50}},"type":"binary-expr","locations":[{"start":{"line":6,"column":5},"end":{"line":6,"column":10}},{"start":{"line":6,"column":14},"end":{"line":6,"column":50}}],"line":6}},"s":{"0":1,"1":23,"2":1,"3":1},"f":{"0":23},"b":{"0":[23,18]},"_coverageSchema":"332fd63041d2c1bcb487cc26dd0d5f7d97098a6c","hash":"fe4e2221c3de17a0092f5888f67ea47762601e93"}
}
