TN:
SF:/Users/zhulingxiao/code/vine-design/src/components/carousel/dots.jsx
FN:8,(anonymous_0)
FN:15,(anonymous_1)
FNF:2
FNH:2
FNDA:1,(anonymous_0)
FNDA:3,(anonymous_1)
DA:8,1
DA:15,1
DA:17,3
DA:25,3
DA:36,1
DA:49,1
LF:6
LH:6
BRDA:17,0,0,3
BRDA:17,0,1,0
BRDA:18,1,0,1
BRDA:18,1,1,2
BRDA:21,2,0,0
BRDA:21,2,1,0
BRDA:41,3,0,0
BRDA:41,3,1,1
BRF:8
BRH:4
end_of_record
TN:
SF:/Users/zhulingxiao/code/vine-design/src/components/carousel/index.jsx
FN:28,(anonymous_0)
FN:40,(anonymous_1)
FN:56,(anonymous_2)
FN:60,(anonymous_3)
FN:64,(anonymous_4)
FN:71,(anonymous_5)
FN:91,(anonymous_6)
FN:110,(anonymous_7)
FN:133,(anonymous_8)
FN:140,(anonymous_9)
FN:169,(anonymous_10)
FN:175,(anonymous_11)
FN:181,(anonymous_12)
FN:185,(anonymous_13)
FN:200,(anonymous_14)
FNF:15
FNH:7
FNDA:1,(anonymous_0)
FNDA:1,(anonymous_1)
FNDA:1,(anonymous_2)
FNDA:0,(anonymous_3)
FNDA:0,(anonymous_4)
FNDA:0,(anonymous_5)
FNDA:0,(anonymous_6)
FNDA:0,(anonymous_7)
FNDA:0,(anonymous_8)
FNDA:0,(anonymous_9)
FNDA:1,(anonymous_10)
FNDA:0,(anonymous_11)
FNDA:1,(anonymous_12)
FNDA:1,(anonymous_13)
FNDA:5,(anonymous_14)
DA:12,1
DA:14,1
DA:16,1
DA:29,1
DA:30,1
DA:41,1
DA:42,1
DA:43,1
DA:44,1
DA:45,1
DA:46,1
DA:48,1
DA:57,1
DA:61,0
DA:65,0
DA:73,0
DA:76,0
DA:78,0
DA:80,0
DA:83,0
DA:85,0
DA:92,0
DA:94,0
DA:97,0
DA:98,0
DA:99,0
DA:100,0
DA:102,0
DA:111,0
DA:112,0
DA:113,0
DA:114,0
DA:117,0
DA:118,0
DA:119,0
DA:120,0
DA:121,0
DA:122,0
DA:126,0
DA:127,0
DA:134,0
DA:135,0
DA:137,0
DA:140,0
DA:141,0
DA:152,0
DA:153,0
DA:154,0
DA:157,0
DA:158,0
DA:161,0
DA:170,1
DA:172,1
DA:173,1
DA:175,1
DA:176,0
DA:182,1
DA:186,1
DA:190,1
DA:192,1
DA:200,1
DA:201,5
DA:209,1
DA:232,1
LF:64
LH:25
BRDA:42,0,0,1
BRDA:42,0,1,0
BRDA:44,1,0,1
BRDA:44,1,1,0
BRDA:97,2,0,0
BRDA:97,2,1,0
BRDA:99,3,0,0
BRDA:99,3,1,0
BRDA:117,4,0,0
BRDA:117,4,1,0
BRDA:119,5,0,0
BRDA:119,5,1,0
BRDA:121,6,0,0
BRDA:121,6,1,0
BRDA:126,7,0,0
BRDA:126,7,1,0
BRDA:134,8,0,0
BRDA:134,8,1,0
BRDA:134,9,0,0
BRDA:134,9,1,0
BRDA:135,10,0,0
BRDA:135,10,1,0
BRDA:152,11,0,0
BRDA:152,11,1,0
BRDA:157,12,0,0
BRDA:157,12,1,0
BRDA:172,13,0,1
BRDA:172,13,1,0
BRF:28
BRH:3
end_of_record
TN:
SF:/Users/zhulingxiao/code/vine-design/src/components/carousel/slider.jsx
FN:4,(anonymous_0)
FNF:1
FNH:1
FNDA:5,(anonymous_0)
DA:4,1
DA:5,5
DA:10,1
DA:16,1
LF:4
LH:4
BRDA:6,0,0,5
BRDA:6,0,1,4
BRF:2
BRH:2
end_of_record
