TN:
SF:/Users/zhulingxiao/code/vine-design/src/components/carousel/dots.jsx
FN:8,(anonymous_0)
FN:15,(anonymous_1)
FNF:2
FNH:2
FNDA:5,(anonymous_0)
FNDA:15,(anonymous_1)
DA:8,1
DA:15,5
DA:17,15
DA:25,15
DA:36,5
DA:49,1
LF:6
LH:6
BRDA:17,0,0,12
BRDA:17,0,1,3
BRDA:18,1,0,4
BRDA:18,1,1,8
BRDA:21,2,0,1
BRDA:21,2,1,2
BRDA:41,3,0,0
BRDA:41,3,1,5
BRF:8
BRH:7
end_of_record
TN:
SF:/Users/zhulingxiao/code/vine-design/src/components/carousel/index.jsx
FN:28,(anonymous_0)
FN:40,(anonymous_1)
FN:56,(anonymous_2)
FN:60,(anonymous_3)
FN:64,(anonymous_4)
FN:71,(anonymous_5)
FN:91,(anonymous_6)
FN:110,(anonymous_7)
FN:133,(anonymous_8)
FN:140,(anonymous_9)
FN:169,(anonymous_10)
FN:175,(anonymous_11)
FN:181,(anonymous_12)
FN:185,(anonymous_13)
FN:200,(anonymous_14)
FNF:15
FNH:10
FNDA:4,(anonymous_0)
FNDA:4,(anonymous_1)
FNDA:4,(anonymous_2)
FNDA:4,(anonymous_3)
FNDA:0,(anonymous_4)
FNDA:0,(anonymous_5)
FNDA:0,(anonymous_6)
FNDA:1,(anonymous_7)
FNDA:1,(anonymous_8)
FNDA:0,(anonymous_9)
FNDA:4,(anonymous_10)
FNDA:0,(anonymous_11)
FNDA:5,(anonymous_12)
FNDA:5,(anonymous_13)
FNDA:23,(anonymous_14)
DA:12,1
DA:14,1
DA:16,1
DA:29,4
DA:30,4
DA:41,4
DA:42,4
DA:43,3
DA:44,3
DA:45,3
DA:46,3
DA:48,3
DA:57,4
DA:61,4
DA:65,0
DA:73,0
DA:76,0
DA:78,0
DA:80,0
DA:83,0
DA:85,0
DA:92,0
DA:94,0
DA:97,0
DA:98,0
DA:99,0
DA:100,0
DA:102,0
DA:111,1
DA:112,1
DA:113,1
DA:114,1
DA:117,1
DA:118,0
DA:119,1
DA:120,1
DA:121,0
DA:122,0
DA:126,1
DA:127,1
DA:134,1
DA:135,0
DA:137,0
DA:140,0
DA:141,0
DA:152,0
DA:153,0
DA:154,0
DA:157,0
DA:158,0
DA:161,0
DA:170,4
DA:172,4
DA:173,1
DA:175,1
DA:176,0
DA:182,5
DA:186,5
DA:190,5
DA:192,5
DA:200,5
DA:201,23
DA:209,5
DA:232,1
LF:64
LH:36
BRDA:42,0,0,3
BRDA:42,0,1,1
BRDA:44,1,0,3
BRDA:44,1,1,0
BRDA:97,2,0,0
BRDA:97,2,1,0
BRDA:99,3,0,0
BRDA:99,3,1,0
BRDA:117,4,0,0
BRDA:117,4,1,1
BRDA:119,5,0,1
BRDA:119,5,1,0
BRDA:121,6,0,0
BRDA:121,6,1,0
BRDA:126,7,0,1
BRDA:126,7,1,0
BRDA:134,8,0,0
BRDA:134,8,1,1
BRDA:134,9,0,1
BRDA:134,9,1,1
BRDA:135,10,0,0
BRDA:135,10,1,0
BRDA:152,11,0,0
BRDA:152,11,1,0
BRDA:157,12,0,0
BRDA:157,12,1,0
BRDA:172,13,0,1
BRDA:172,13,1,3
BRF:28
BRH:11
end_of_record
TN:
SF:/Users/zhulingxiao/code/vine-design/src/components/carousel/slider.jsx
FN:4,(anonymous_0)
FNF:1
FNH:1
FNDA:23,(anonymous_0)
DA:4,1
DA:5,23
DA:10,1
DA:16,1
LF:4
LH:4
BRDA:6,0,0,23
BRDA:6,0,1,18
BRF:2
BRH:2
end_of_record
